<?xml version="1.0" encoding="UTF-8"?>
<testng-results ignored="0" total="1" passed="1" failed="0" skipped="0">
  <reporter-output>
  </reporter-output>
  <suite started-at="2023-04-19T17:13:52 HAE" name="Default suite" finished-at="2023-04-19T17:14:35 HAE" duration-ms="43317">
    <groups>
    </groups>
    <test started-at="2023-04-19T17:13:52 HAE" name="Default test" finished-at="2023-04-19T17:14:35 HAE" duration-ms="43317">
      <class name="Test_Cases.ExerciceOpen">
        <test-method signature="test_End_to_End()[pri:0, instance:Test_Cases.ExerciceOpen@942a29c]" started-at="2023-04-19T17:13:52 HAE" name="test_End_to_End" finished-at="2023-04-19T17:14:35 HAE" duration-ms="43246" status="PASS">
          <reporter-output>
          </reporter-output>
        </test-method> <!-- test_End_to_End -->
      </class> <!-- Test_Cases.ExerciceOpen -->
    </test> <!-- Default test -->
  </suite> <!-- Default suite -->
</testng-results>
